2025-06-03 14:11:21 [INFO] Loading audio file: /home/wilawerek/Dev/python/transcription_pipeline/data/raw/BU_NI_2.wav
2025-06-03 14:11:21 [INFO] Detecting silent chunks...
2025-06-03 14:13:56 [INFO] Exporting 38 chunks...
2025-06-03 14:13:56 [INFO] Chunking complete.
2025-06-03 14:44:30 [INFO] Loading audio file: /home/wilawerek/Dev/python/transcription_pipeline/data/raw/BU_NI_2.wav
2025-06-03 14:44:30 [INFO] Detecting silent chunks...
2025-06-03 14:47:06 [INFO] Exporting 38 chunks...
2025-06-03 14:47:06 [INFO] Chunking complete.
2025-06-04 12:18:07 [INFO] Loading audio file: /home/wilawerek/Dev/python/transcription_pipeline/data/raw/BU_WZ_2.wav
2025-06-04 12:18:08 [INFO] Detecting silent chunks...
2025-06-04 12:21:11 [INFO] Exporting 45 chunks...
2025-06-04 12:21:11 [INFO] Chunking complete.
2025-06-04 12:26:13 [INFO] Loading audio file: /home/wilawerek/Dev/python/transcription_pipeline/data/raw/BU_WZ_2.wav
2025-06-04 12:26:14 [INFO] Detecting silent chunks...
2025-06-04 12:29:15 [INFO] Exporting 45 chunks...
2025-06-04 12:29:16 [INFO] Chunking complete.
2025-06-05 06:42:48 [INFO] Loading audio file: /home/wilawerek/Dev/python/transcription_pipeline/data/raw/BU_CI_1.wav
2025-06-05 06:42:48 [INFO] Detecting silent chunks...
2025-06-05 06:44:31 [INFO] Exporting 13 chunks...
2025-06-05 06:44:31 [INFO] Chunking complete.
