2025-06-03 14:11:21 [INFO] Running chunking module...
2025-06-03 14:13:56 [INFO] Running transcription module...
2025-06-03 14:44:30 [INFO] Running chunking module...
2025-06-03 14:47:06 [INFO] Running transcription module...
2025-06-03 19:35:45 [INFO] Running diarization module...
2025-06-03 21:36:44 [INFO] Running aligning module...
2025-06-03 21:36:45 [INFO] Running postprocessing module...
2025-06-04 12:18:07 [INFO] Running chunking module...
2025-06-04 12:21:11 [INFO] Running transcription module...
2025-06-04 12:26:13 [INFO] Running chunking module...
2025-06-04 12:29:16 [INFO] Running transcription module...
2025-06-04 17:17:28 [INFO] Running diarization module...
2025-06-04 19:13:32 [INFO] Running aligning module...
2025-06-04 19:13:32 [INFO] Running postprocessing module...
2025-06-05 06:42:48 [INFO] Running chunking module...
2025-06-05 06:44:32 [INFO] Running transcription module...
2025-06-05 08:50:30 [INFO] Running diarization module...
2025-06-05 09:59:45 [INFO] Running aligning module...
2025-06-05 09:59:46 [INFO] Running postprocessing module...
2025-06-05 14:33:25 [INFO] Running postprocessing module...
2025-06-05 14:34:01 [INFO] Running postprocessing module...
