2025-06-03 14:13:56 [INFO] Found 38 chunks. Starting transcription...
2025-06-03 14:47:06 [INFO] Found 38 chunks. Starting transcription...
2025-06-03 14:50:00 [INFO] Starting transcription: BU_NI_2_17.wav
2025-06-03 14:50:01 [INFO] Starting transcription: BU_NI_2_25.wav
2025-06-03 14:50:01 [INFO] Starting transcription: BU_NI_2_22.wav
2025-06-03 14:50:03 [INFO] Starting transcription: BU_NI_2_33.wav
2025-06-03 14:50:04 [INFO] Starting transcription: BU_NI_2_19.wav
2025-06-03 15:16:16 [INFO] Transcribed: BU_NI_2_33.wav
2025-06-03 15:17:02 [INFO] Transcribed: BU_NI_2_19.wav
2025-06-03 15:18:19 [INFO] Starting transcription: BU_NI_2_13.wav
2025-06-03 15:18:34 [INFO] Starting transcription: BU_NI_2_11.wav
2025-06-03 15:21:10 [INFO] Transcribed: BU_NI_2_22.wav
2025-06-03 15:22:53 [INFO] Starting transcription: BU_NI_2_31.wav
2025-06-03 15:31:21 [INFO] Transcribed: BU_NI_2_17.wav
2025-06-03 15:33:35 [INFO] Starting transcription: BU_NI_2_29.wav
2025-06-03 15:49:39 [INFO] Transcribed: BU_NI_2_25.wav
2025-06-03 15:49:43 [INFO] Transcribed: BU_NI_2_13.wav
2025-06-03 15:51:38 [INFO] Starting transcription: BU_NI_2_28.wav
2025-06-03 15:55:32 [INFO] Transcribed: BU_NI_2_31.wav
2025-06-03 15:55:36 [INFO] Starting transcription: BU_NI_2_34.wav
2025-06-03 16:01:33 [INFO] Starting transcription: BU_NI_2_26.wav
2025-06-03 16:14:56 [INFO] Transcribed: BU_NI_2_29.wav
2025-06-03 16:15:22 [INFO] Transcribed: BU_NI_2_11.wav
2025-06-03 16:20:21 [INFO] Starting transcription: BU_NI_2_01.wav
2025-06-03 16:20:59 [INFO] Starting transcription: BU_NI_2_10.wav
2025-06-03 16:25:31 [INFO] Transcribed: BU_NI_2_28.wav
2025-06-03 16:30:02 [INFO] Starting transcription: BU_NI_2_24.wav
2025-06-03 16:37:19 [INFO] Transcribed: BU_NI_2_26.wav
2025-06-03 16:43:11 [INFO] Starting transcription: BU_NI_2_04.wav
2025-06-03 16:50:31 [INFO] Transcribed: BU_NI_2_01.wav
2025-06-03 16:54:55 [INFO] Starting transcription: BU_NI_2_23.wav
2025-06-03 16:58:10 [INFO] Transcribed: BU_NI_2_24.wav
2025-06-03 17:00:56 [INFO] Transcribed: BU_NI_2_34.wav
2025-06-03 17:04:02 [INFO] Starting transcription: BU_NI_2_09.wav
2025-06-03 17:05:10 [INFO] Transcribed: BU_NI_2_04.wav
2025-06-03 17:06:29 [INFO] Starting transcription: BU_NI_2_20.wav
2025-06-03 17:10:24 [INFO] Transcribed: BU_NI_2_10.wav
2025-06-03 17:11:10 [INFO] Starting transcription: BU_NI_2_02.wav
2025-06-03 17:13:12 [INFO] Starting transcription: BU_NI_2_27.wav
2025-06-03 17:25:53 [INFO] Transcribed: BU_NI_2_09.wav
2025-06-03 17:28:42 [INFO] Transcribed: BU_NI_2_20.wav
2025-06-03 17:31:53 [INFO] Starting transcription: BU_NI_2_08.wav
2025-06-03 17:34:10 [INFO] Starting transcription: BU_NI_2_07.wav
2025-06-03 17:40:17 [INFO] Transcribed: BU_NI_2_23.wav
2025-06-03 17:46:01 [INFO] Starting transcription: BU_NI_2_32.wav
2025-06-03 17:52:07 [INFO] Transcribed: BU_NI_2_08.wav
2025-06-03 17:55:48 [INFO] Transcribed: BU_NI_2_02.wav
2025-06-03 17:58:01 [INFO] Starting transcription: BU_NI_2_37.wav
2025-06-03 17:58:48 [INFO] Transcribed: BU_NI_2_07.wav
2025-06-03 18:00:38 [INFO] Starting transcription: BU_NI_2_15.wav
2025-06-03 18:01:32 [INFO] Transcribed: BU_NI_2_27.wav
2025-06-03 18:04:31 [INFO] Starting transcription: BU_NI_2_35.wav
2025-06-03 18:06:33 [INFO] Starting transcription: BU_NI_2_30.wav
2025-06-03 18:06:58 [INFO] Transcribed: BU_NI_2_37.wav
2025-06-03 18:12:59 [INFO] Starting transcription: BU_NI_2_03.wav
2025-06-03 18:23:43 [INFO] Transcribed: BU_NI_2_15.wav
2025-06-03 18:24:59 [INFO] Transcribed: BU_NI_2_35.wav
2025-06-03 18:29:22 [INFO] Starting transcription: BU_NI_2_12.wav
2025-06-03 18:30:59 [INFO] Starting transcription: BU_NI_2_21.wav
2025-06-03 18:36:16 [INFO] Transcribed: BU_NI_2_32.wav
2025-06-03 18:42:25 [INFO] Starting transcription: BU_NI_2_16.wav
2025-06-03 18:50:37 [INFO] Transcribed: BU_NI_2_03.wav
2025-06-03 18:52:49 [INFO] Transcribed: BU_NI_2_12.wav
2025-06-03 18:53:49 [INFO] Transcribed: BU_NI_2_30.wav
2025-06-03 18:56:00 [INFO] Starting transcription: BU_NI_2_36.wav
2025-06-03 18:57:04 [INFO] Transcribed: BU_NI_2_21.wav
2025-06-03 18:57:36 [INFO] Starting transcription: BU_NI_2_18.wav
2025-06-03 18:59:32 [INFO] Starting transcription: BU_NI_2_05.wav
2025-06-03 19:02:16 [INFO] Starting transcription: BU_NI_2_14.wav
2025-06-03 19:22:56 [INFO] Transcribed: BU_NI_2_18.wav
2025-06-03 19:24:05 [INFO] Transcribed: BU_NI_2_14.wav
2025-06-03 19:24:51 [INFO] Transcribed: BU_NI_2_05.wav
2025-06-03 19:26:23 [INFO] Transcribed: BU_NI_2_16.wav
2025-06-03 19:27:01 [INFO] Starting transcription: BU_NI_2_00.wav
2025-06-03 19:27:43 [INFO] Starting transcription: BU_NI_2_06.wav
2025-06-03 19:30:33 [INFO] Transcribed: BU_NI_2_36.wav
2025-06-03 19:34:54 [INFO] Transcribed: BU_NI_2_06.wav
2025-06-03 19:35:42 [INFO] Transcribed: BU_NI_2_00.wav
2025-06-04 12:21:11 [INFO] Found 45 chunks. Starting transcription...
2025-06-04 12:29:16 [INFO] Found 45 chunks. Starting transcription...
2025-06-04 12:31:14 [INFO] Starting transcription: BU_WZ_2_10.wav
2025-06-04 12:31:15 [INFO] Starting transcription: BU_WZ_2_06.wav
2025-06-04 12:31:15 [INFO] Starting transcription: BU_WZ_2_40.wav
2025-06-04 12:31:15 [INFO] Starting transcription: BU_WZ_2_19.wav
2025-06-04 12:45:53 [INFO] Transcribed: BU_WZ_2_06.wav
2025-06-04 12:47:17 [INFO] Starting transcription: BU_WZ_2_31.wav
2025-06-04 12:47:29 [INFO] Transcribed: BU_WZ_2_40.wav
2025-06-04 12:48:25 [INFO] Transcribed: BU_WZ_2_10.wav
2025-06-04 12:48:29 [INFO] Starting transcription: BU_WZ_2_11.wav
2025-06-04 12:49:27 [INFO] Starting transcription: BU_WZ_2_03.wav
2025-06-04 12:50:11 [INFO] Transcribed: BU_WZ_2_19.wav
2025-06-04 12:51:35 [INFO] Starting transcription: BU_WZ_2_33.wav
2025-06-04 13:00:46 [INFO] Transcribed: BU_WZ_2_31.wav
2025-06-04 13:02:12 [INFO] Transcribed: BU_WZ_2_03.wav
2025-06-04 13:02:54 [INFO] Starting transcription: BU_WZ_2_07.wav
2025-06-04 13:05:55 [INFO] Starting transcription: BU_WZ_2_21.wav
2025-06-04 13:07:47 [INFO] Transcribed: BU_WZ_2_11.wav
2025-06-04 13:11:05 [INFO] Starting transcription: BU_WZ_2_35.wav
2025-06-04 13:19:14 [INFO] Transcribed: BU_WZ_2_07.wav
2025-06-04 13:19:28 [INFO] Transcribed: BU_WZ_2_21.wav
2025-06-04 13:22:19 [INFO] Starting transcription: BU_WZ_2_15.wav
2025-06-04 13:22:57 [INFO] Transcribed: BU_WZ_2_33.wav
2025-06-04 13:23:11 [INFO] Starting transcription: BU_WZ_2_04.wav
2025-06-04 13:26:10 [INFO] Starting transcription: BU_WZ_2_02.wav
2025-06-04 13:30:50 [INFO] Transcribed: BU_WZ_2_35.wav
2025-06-04 13:34:50 [INFO] Starting transcription: BU_WZ_2_41.wav
2025-06-04 13:48:12 [INFO] Transcribed: BU_WZ_2_15.wav
2025-06-04 13:48:51 [INFO] Transcribed: BU_WZ_2_02.wav
2025-06-04 13:52:10 [INFO] Starting transcription: BU_WZ_2_38.wav
2025-06-04 13:52:19 [INFO] Starting transcription: BU_WZ_2_23.wav
2025-06-04 13:55:44 [INFO] Transcribed: BU_WZ_2_04.wav
2025-06-04 13:57:58 [INFO] Transcribed: BU_WZ_2_41.wav
2025-06-04 14:00:03 [INFO] Starting transcription: BU_WZ_2_20.wav
2025-06-04 14:01:58 [INFO] Starting transcription: BU_WZ_2_00.wav
2025-06-04 14:10:01 [INFO] Transcribed: BU_WZ_2_23.wav
2025-06-04 14:14:59 [INFO] Starting transcription: BU_WZ_2_30.wav
2025-06-04 14:16:08 [INFO] Transcribed: BU_WZ_2_20.wav
2025-06-04 14:18:11 [INFO] Transcribed: BU_WZ_2_00.wav
2025-06-04 14:20:20 [INFO] Starting transcription: BU_WZ_2_24.wav
2025-06-04 14:22:15 [INFO] Starting transcription: BU_WZ_2_12.wav
2025-06-04 14:24:30 [INFO] Transcribed: BU_WZ_2_38.wav
2025-06-04 14:28:16 [INFO] Starting transcription: BU_WZ_2_42.wav
2025-06-04 14:30:28 [INFO] Transcribed: BU_WZ_2_30.wav
2025-06-04 14:35:16 [INFO] Starting transcription: BU_WZ_2_37.wav
2025-06-04 14:38:06 [INFO] Transcribed: BU_WZ_2_12.wav
2025-06-04 14:41:57 [INFO] Transcribed: BU_WZ_2_24.wav
2025-06-04 14:42:21 [INFO] Starting transcription: BU_WZ_2_14.wav
2025-06-04 14:45:15 [INFO] Transcribed: BU_WZ_2_42.wav
2025-06-04 14:46:11 [INFO] Starting transcription: BU_WZ_2_17.wav
2025-06-04 14:49:08 [INFO] Starting transcription: BU_WZ_2_36.wav
2025-06-04 14:54:35 [INFO] Transcribed: BU_WZ_2_37.wav
2025-06-04 14:57:32 [INFO] Transcribed: BU_WZ_2_14.wav
2025-06-04 14:58:57 [INFO] Starting transcription: BU_WZ_2_25.wav
2025-06-04 15:02:02 [INFO] Starting transcription: BU_WZ_2_22.wav
2025-06-04 15:07:22 [INFO] Transcribed: BU_WZ_2_36.wav
2025-06-04 15:10:54 [INFO] Starting transcription: BU_WZ_2_28.wav
2025-06-04 15:11:43 [INFO] Transcribed: BU_WZ_2_17.wav
2025-06-04 15:16:10 [INFO] Starting transcription: BU_WZ_2_09.wav
2025-06-04 15:19:57 [INFO] Transcribed: BU_WZ_2_22.wav
2025-06-04 15:25:09 [INFO] Starting transcription: BU_WZ_2_16.wav
2025-06-04 15:33:56 [INFO] Transcribed: BU_WZ_2_09.wav
2025-06-04 15:34:24 [INFO] Transcribed: BU_WZ_2_28.wav
2025-06-04 15:37:28 [INFO] Starting transcription: BU_WZ_2_32.wav
2025-06-04 15:38:06 [INFO] Starting transcription: BU_WZ_2_29.wav
2025-06-04 15:41:35 [INFO] Transcribed: BU_WZ_2_16.wav
2025-06-04 15:45:32 [INFO] Starting transcription: BU_WZ_2_44.wav
2025-06-04 15:54:15 [INFO] Transcribed: BU_WZ_2_29.wav
2025-06-04 15:59:04 [INFO] Starting transcription: BU_WZ_2_18.wav
2025-06-04 16:03:12 [INFO] Transcribed: BU_WZ_2_32.wav
2025-06-04 16:07:20 [INFO] Starting transcription: BU_WZ_2_43.wav
2025-06-04 16:18:44 [INFO] Transcribed: BU_WZ_2_18.wav
2025-06-04 16:22:48 [INFO] Starting transcription: BU_WZ_2_39.wav
2025-06-04 16:23:14 [INFO] Transcribed: BU_WZ_2_25.wav
2025-06-04 16:23:42 [INFO] Transcribed: BU_WZ_2_44.wav
2025-06-04 16:27:06 [INFO] Starting transcription: BU_WZ_2_01.wav
2025-06-04 16:27:12 [INFO] Starting transcription: BU_WZ_2_13.wav
2025-06-04 16:30:03 [INFO] Transcribed: BU_WZ_2_43.wav
2025-06-04 16:34:19 [INFO] Starting transcription: BU_WZ_2_34.wav
2025-06-04 16:47:58 [INFO] Transcribed: BU_WZ_2_34.wav
2025-06-04 16:51:22 [INFO] Starting transcription: BU_WZ_2_26.wav
2025-06-04 16:56:03 [INFO] Transcribed: BU_WZ_2_39.wav
2025-06-04 16:58:53 [INFO] Transcribed: BU_WZ_2_13.wav
2025-06-04 16:59:10 [INFO] Transcribed: BU_WZ_2_01.wav
2025-06-04 17:00:13 [INFO] Starting transcription: BU_WZ_2_05.wav
2025-06-04 17:02:15 [INFO] Starting transcription: BU_WZ_2_08.wav
2025-06-04 17:02:56 [INFO] Starting transcription: BU_WZ_2_27.wav
2025-06-04 17:08:53 [INFO] Transcribed: BU_WZ_2_26.wav
2025-06-04 17:13:17 [INFO] Transcribed: BU_WZ_2_08.wav
2025-06-04 17:16:30 [INFO] Transcribed: BU_WZ_2_05.wav
2025-06-04 17:17:26 [INFO] Transcribed: BU_WZ_2_27.wav
2025-06-05 06:44:32 [INFO] Found 13 chunks. Starting transcription...
2025-06-05 06:46:39 [INFO] Starting transcription: BU_CI_1_02.wav
2025-06-05 06:46:39 [INFO] Starting transcription: BU_CI_1_01.wav
2025-06-05 06:46:39 [INFO] Starting transcription: BU_CI_1_12.wav
2025-06-05 06:46:39 [INFO] Starting transcription: BU_CI_1_03.wav
2025-06-05 06:46:40 [INFO] Starting transcription: BU_CI_1_05.wav
2025-06-05 07:17:46 [INFO] Transcribed: BU_CI_1_12.wav
2025-06-05 07:18:34 [INFO] Starting transcription: BU_CI_1_04.wav
2025-06-05 07:26:24 [INFO] Transcribed: BU_CI_1_01.wav
2025-06-05 07:27:48 [INFO] Starting transcription: BU_CI_1_11.wav
2025-06-05 07:29:45 [INFO] Transcribed: BU_CI_1_02.wav
2025-06-05 07:31:01 [INFO] Starting transcription: BU_CI_1_06.wav
2025-06-05 07:44:52 [INFO] Transcribed: BU_CI_1_05.wav
2025-06-05 07:45:41 [INFO] Transcribed: BU_CI_1_03.wav
2025-06-05 07:46:14 [INFO] Starting transcription: BU_CI_1_09.wav
2025-06-05 07:47:22 [INFO] Starting transcription: BU_CI_1_07.wav
2025-06-05 07:55:09 [INFO] Transcribed: BU_CI_1_04.wav
2025-06-05 07:59:10 [INFO] Starting transcription: BU_CI_1_08.wav
2025-06-05 08:15:01 [INFO] Transcribed: BU_CI_1_11.wav
2025-06-05 08:19:52 [INFO] Starting transcription: BU_CI_1_10.wav
2025-06-05 08:30:28 [INFO] Transcribed: BU_CI_1_06.wav
2025-06-05 08:35:09 [INFO] Starting transcription: BU_CI_1_00.wav
2025-06-05 08:38:20 [INFO] Transcribed: BU_CI_1_07.wav
2025-06-05 08:42:45 [INFO] Transcribed: BU_CI_1_09.wav
2025-06-05 08:43:58 [INFO] Transcribed: BU_CI_1_08.wav
2025-06-05 08:47:58 [INFO] Transcribed: BU_CI_1_10.wav
2025-06-05 08:50:28 [INFO] Transcribed: BU_CI_1_00.wav
